# JRE version: Java(TM) SE Runtime Environment (8.0_171-b11) (build 1.8.0_171-b11)
# Java VM: Java HotSpot(TM) 64-Bit Server VM (25.171-b11 mixed mode linux-amd64 compressed oops)
Heap:
 PSYoungGen      total 67584K, used 7363K [0x00000000d7b00000, 0x00000000dff00000, 0x0000000100000000)
  eden space 62464K, 11% used [0x00000000d7b00000,0x00000000d8230e40,0x00000000db800000)
  from space 5120K, 0% used [0x00000000db800000,0x00000000db800000,0x00000000dbd00000)
  to   space 5120K, 0% used [0x00000000dfa00000,0x00000000dfa00000,0x00000000dff00000)
 ParOldGen       total 104960K, used 21314K [0x0000000087000000, 0x000000008d680000, 0x00000000d7b00000)
  object space 104960K, 20% used [0x0000000087000000,0x00000000884d09f8,0x000000008d680000)
 Metaspace       used 22222K, capacity 23292K, committed 23424K, reserved 1069056K
  class space    used 3106K, capacity 3335K, committed 3456K, reserved 1048576K
GC Heap History (8 events):
Event: 0,845 GC heap before
{Heap before GC invocations=1 (full 0):
 PSYoungGen      total 36352K, used 31232K [0x00000000d7b00000, 0x00000000da380000, 0x0000000100000000)
  eden space 31232K, 100% used [0x00000000d7b00000,0x00000000d9980000,0x00000000d9980000)
  from space 5120K, 0% used [0x00000000d9e80000,0x00000000d9e80000,0x00000000da380000)
  to   space 5120K, 0% used [0x00000000d9980000,0x00000000d9980000,0x00000000d9e80000)
 ParOldGen       total 83456K, used 0K [0x0000000087000000, 0x000000008c180000, 0x00000000d7b00000)
  object space 83456K, 0% used [0x0000000087000000,0x0000000087000000,0x000000008c180000)
 Metaspace       used 12351K, capacity 12740K, committed 12928K, reserved 1060864K
  class space    used 1663K, capacity 1807K, committed 1920K, reserved 1048576K
Event: 0,855 GC heap after
Heap after GC invocations=1 (full 0):
 PSYoungGen      total 36352K, used 5095K [0x00000000d7b00000, 0x00000000dc200000, 0x0000000100000000)
  eden space 31232K, 0% used [0x00000000d7b00000,0x00000000d7b00000,0x00000000d9980000)
  from space 5120K, 99% used [0x00000000d9980000,0x00000000d9e79ce0,0x00000000d9e80000)
  to   space 5120K, 0% used [0x00000000dbd00000,0x00000000dbd00000,0x00000000dc200000)
 ParOldGen       total 83456K, used 287K [0x0000000087000000, 0x000000008c180000, 0x00000000d7b00000)
  object space 83456K, 0% used [0x0000000087000000,0x0000000087047f88,0x000000008c180000)
 Metaspace       used 12351K, capacity 12740K, committed 12928K, reserved 1060864K
  class space    used 1663K, capacity 1807K, committed 1920K, reserved 1048576K
}
Event: 1,426 GC heap before
{Heap before GC invocations=2 (full 0):
 PSYoungGen      total 36352K, used 34013K [0x00000000d7b00000, 0x00000000dc200000, 0x0000000100000000)
  eden space 31232K, 92% used [0x00000000d7b00000,0x00000000d973d8d8,0x00000000d9980000)
  from space 5120K, 99% used [0x00000000d9980000,0x00000000d9e79ce0,0x00000000d9e80000)
  to   space 5120K, 0% used [0x00000000dbd00000,0x00000000dbd00000,0x00000000dc200000)
 ParOldGen       total 83456K, used 287K [0x0000000087000000, 0x000000008c180000, 0x00000000d7b00000)
  object space 83456K, 0% used [0x0000000087000000,0x0000000087047f88,0x000000008c180000)
 Metaspace       used 19879K, capacity 20582K, committed 20864K, reserved 1067008K
  class space    used 2674K, capacity 2876K, committed 2944K, reserved 1048576K
Event: 1,435 GC heap after
Heap after GC invocations=2 (full 0):
 PSYoungGen      total 67584K, used 5092K [0x00000000d7b00000, 0x00000000dc200000, 0x0000000100000000)
  eden space 62464K, 0% used [0x00000000d7b00000,0x00000000d7b00000,0x00000000db800000)
  from space 5120K, 99% used [0x00000000dbd00000,0x00000000dc1f9028,0x00000000dc200000)
  to   space 5120K, 0% used [0x00000000db800000,0x00000000db800000,0x00000000dbd00000)
 ParOldGen       total 83456K, used 4681K [0x0000000087000000, 0x000000008c180000, 0x00000000d7b00000)
  object space 83456K, 5% used [0x0000000087000000,0x0000000087492450,0x000000008c180000)
 Metaspace       used 19879K, capacity 20582K, committed 20864K, reserved 1067008K
  class space    used 2674K, capacity 2876K, committed 2944K, reserved 1048576K
}
Event: 2,338 GC heap before
{Heap before GC invocations=3 (full 0):
 PSYoungGen      total 67584K, used 21823K [0x00000000d7b00000, 0x00000000dc200000, 0x0000000100000000)
  eden space 62464K, 26% used [0x00000000d7b00000,0x00000000d8b56f70,0x00000000db800000)
  from space 5120K, 99% used [0x00000000dbd00000,0x00000000dc1f9028,0x00000000dc200000)
  to   space 5120K, 0% used [0x00000000db800000,0x00000000db800000,0x00000000dbd00000)
 ParOldGen       total 83456K, used 4681K [0x0000000087000000, 0x000000008c180000, 0x00000000d7b00000)
  object space 83456K, 5% used [0x0000000087000000,0x0000000087492450,0x000000008c180000)
 Metaspace       used 20530K, capacity 21240K, committed 21296K, reserved 1067008K
  class space    used 2739K, capacity 2943K, committed 2944K, reserved 1048576K
Event: 2,356 GC heap after
Heap after GC invocations=3 (full 0):
 PSYoungGen      total 67584K, used 5108K [0x00000000d7b00000, 0x00000000dff00000, 0x0000000100000000)
  eden space 62464K, 0% used [0x00000000d7b00000,0x00000000d7b00000,0x00000000db800000)
  from space 5120K, 99% used [0x00000000db800000,0x00000000dbcfd018,0x00000000dbd00000)
  to   space 5120K, 0% used [0x00000000dfa00000,0x00000000dfa00000,0x00000000dff00000)
 ParOldGen       total 83456K, used 42731K [0x0000000087000000, 0x000000008c180000, 0x00000000d7b00000)
  object space 83456K, 51% used [0x0000000087000000,0x00000000899bace8,0x000000008c180000)
 Metaspace       used 20530K, capacity 21240K, committed 21296K, reserved 1067008K
  class space    used 2739K, capacity 2943K, committed 2944K, reserved 1048576K
}
Event: 2,356 GC heap before
{Heap before GC invocations=4 (full 1):
 PSYoungGen      total 67584K, used 5108K [0x00000000d7b00000, 0x00000000dff00000, 0x0000000100000000)
  eden space 62464K, 0% used [0x00000000d7b00000,0x00000000d7b00000,0x00000000db800000)
  from space 5120K, 99% used [0x00000000db800000,0x00000000dbcfd018,0x00000000dbd00000)
  to   space 5120K, 0% used [0x00000000dfa00000,0x00000000dfa00000,0x00000000dff00000)
 ParOldGen       total 83456K, used 42731K [0x0000000087000000, 0x000000008c180000, 0x00000000d7b00000)
  object space 83456K, 51% used [0x0000000087000000,0x00000000899bace8,0x000000008c180000)
 Metaspace       used 20530K, capacity 21240K, committed 21296K, reserved 1067008K
  class space    used 2739K, capacity 2943K, committed 2944K, reserved 1048576K
Event: 2,378 GC heap after
Heap after GC invocations=4 (full 1):
 PSYoungGen      total 67584K, used 0K [0x00000000d7b00000, 0x00000000dff00000, 0x0000000100000000)
  eden space 62464K, 0% used [0x00000000d7b00000,0x00000000d7b00000,0x00000000db800000)
  from space 5120K, 0% used [0x00000000db800000,0x00000000db800000,0x00000000dbd00000)
  to   space 5120K, 0% used [0x00000000dfa00000,0x00000000dfa00000,0x00000000dff00000)
 ParOldGen       total 104960K, used 21314K [0x0000000087000000, 0x000000008d680000, 0x00000000d7b00000)
  object space 104960K, 20% used [0x0000000087000000,0x00000000884d09f8,0x000000008d680000)
 Metaspace       used 20530K, capacity 21240K, committed 21296K, reserved 1067008K
  class space    used 2739K, capacity 2943K, committed 2944K, reserved 1048576K
}

